2021-07-13 14:44:32.417  INFO 20392 --- [main] c.h.a.c.CustomScannersServiceApplication : Starting CustomScannersServiceApplication on Erics-MacBook-Pro.local with PID 20392 (/Users/ericsung/.vscode/extensions/hcltechnologies.hclappscancodesweep-1.1.4/lib/custom-scanners-service-1.0.11.jar started by ericsung in /Users/ericsung/hackreactor/galvanize/sdi-blended-oop-scaffold)
2021-07-13 14:44:32.420  INFO 20392 --- [main] c.h.a.c.CustomScannersServiceApplication : No active profile set, falling back to default profiles: default
2021-07-13 14:44:34.183  INFO 20392 --- [main] o.s.b.w.embedded.tomcat.TomcatWebServer  : Tomcat initialized with port(s): 9221 (http)
2021-07-13 14:44:34.196  INFO 20392 --- [main] o.apache.catalina.core.StandardService   : Starting service [Tomcat]
2021-07-13 14:44:34.197  INFO 20392 --- [main] org.apache.catalina.core.StandardEngine  : Starting Servlet engine: [Apache Tomcat/9.0.29]
2021-07-13 14:44:34.296  INFO 20392 --- [main] o.a.c.c.C.[Tomcat].[localhost].[/]       : Initializing Spring embedded WebApplicationContext
2021-07-13 14:44:34.296 DEBUG 20392 --- [main] o.s.web.context.ContextLoader            : Published root WebApplicationContext as ServletContext attribute with name [org.springframework.web.context.WebApplicationContext.ROOT]
2021-07-13 14:44:34.296  INFO 20392 --- [main] o.s.web.context.ContextLoader            : Root WebApplicationContext: initialization completed in 1821 ms
2021-07-13 14:44:34.487 DEBUG 20392 --- [main] o.s.b.w.s.ServletContextInitializerBeans : Mapping filters: filterRegistrationBean urls=[/*] order=-2147483647, characterEncodingFilter urls=[/*] order=-2147483648, formContentFilter urls=[/*] order=-9900, requestContextFilter urls=[/*] order=-105
2021-07-13 14:44:34.487 DEBUG 20392 --- [main] o.s.b.w.s.ServletContextInitializerBeans : Mapping servlets: dispatcherServlet urls=[/]
2021-07-13 14:44:36.025 DEBUG 20392 --- [main] s.w.s.m.m.a.RequestMappingHandlerMapping : 19 mappings in 'requestMappingHandlerMapping'
2021-07-13 14:44:36.069  INFO 20392 --- [main] o.s.b.a.e.web.EndpointLinksResolver      : Exposing 2 endpoint(s) beneath base path '/actuator'
2021-07-13 14:44:36.152  INFO 20392 --- [main] pertySourcedRequestMappingHandlerMapping : Mapped URL path [/v2/api-docs] onto method [springfox.documentation.swagger2.web.Swagger2Controller#getDocumentation(String, HttpServletRequest)]
2021-07-13 14:44:36.239  INFO 20392 --- [main] o.s.s.concurrent.ThreadPoolTaskExecutor  : Initializing ExecutorService 'applicationTaskExecutor'
2021-07-13 14:44:36.261 DEBUG 20392 --- [main] s.w.s.m.m.a.RequestMappingHandlerAdapter : ControllerAdvice beans: 0 @ModelAttribute, 0 @InitBinder, 1 RequestBodyAdvice, 1 ResponseBodyAdvice
2021-07-13 14:44:36.418 DEBUG 20392 --- [main] o.s.w.s.handler.SimpleUrlHandlerMapping  : Patterns [/webjars/**, /**] in 'resourceHandlerMapping'
2021-07-13 14:44:36.427 DEBUG 20392 --- [main] .m.m.a.ExceptionHandlerExceptionResolver : ControllerAdvice beans: 1 @ExceptionHandler, 1 ResponseBodyAdvice
2021-07-13 14:44:36.508  INFO 20392 --- [main] d.s.w.p.DocumentationPluginsBootstrapper : Context refreshed
2021-07-13 14:44:36.542  INFO 20392 --- [main] d.s.w.p.DocumentationPluginsBootstrapper : Found 1 custom documentation plugin(s)
2021-07-13 14:44:36.580  INFO 20392 --- [main] s.d.s.w.s.ApiListingReferenceScanner     : Scanning for api listing references
2021-07-13 14:44:36.913  INFO 20392 --- [main] o.s.b.w.embedded.tomcat.TomcatWebServer  : Tomcat started on port(s): 9221 (http) with context path ''
2021-07-13 14:44:36.918  INFO 20392 --- [main] c.h.a.c.CustomScannersServiceApplication : Started CustomScannersServiceApplication in 10.217 seconds (JVM running for 11.062)
2021-07-13 14:44:37.017  INFO 20392 --- [http-nio-9221-exec-1] o.a.c.c.C.[Tomcat].[localhost].[/]       : Initializing Spring DispatcherServlet 'dispatcherServlet'
2021-07-13 14:44:37.018  INFO 20392 --- [http-nio-9221-exec-1] o.s.web.servlet.DispatcherServlet        : Initializing Servlet 'dispatcherServlet'
2021-07-13 14:44:37.018 DEBUG 20392 --- [http-nio-9221-exec-1] o.s.web.servlet.DispatcherServlet        : Detected StandardServletMultipartResolver
2021-07-13 14:44:37.029 DEBUG 20392 --- [http-nio-9221-exec-1] o.s.web.servlet.DispatcherServlet        : enableLoggingRequestDetails='false': request parameters and headers will be masked to prevent unsafe logging of potentially sensitive data
2021-07-13 14:44:37.029  INFO 20392 --- [http-nio-9221-exec-1] o.s.web.servlet.DispatcherServlet        : Completed initialization in 11 ms
2021-07-13 14:44:37.069 DEBUG 20392 --- [http-nio-9221-exec-1] o.s.web.servlet.DispatcherServlet        : POST "/v1/scanFile", parameters={masked}
2021-07-13 14:44:37.085 DEBUG 20392 --- [http-nio-9221-exec-1] s.w.s.m.m.a.RequestMappingHandlerMapping : Mapped to com.hcl.appscan.customscannersservice.controller.CustomScannersController#runScanFile(MultipartFile, String, int[])
2021-07-13 14:44:37.134 DEBUG 20392 --- [http-nio-9221-exec-1] o.s.w.s.m.m.a.HttpEntityMethodProcessor  : Using 'application/json', given [application/json] and supported [application/json]
2021-07-13 14:44:37.152 DEBUG 20392 --- [http-nio-9221-exec-1] o.s.w.s.m.m.a.HttpEntityMethodProcessor  : Writing [CustomScannerServiceResult{findings=[], articles={}}]
2021-07-13 14:44:37.175 DEBUG 20392 --- [http-nio-9221-exec-1] o.s.web.servlet.DispatcherServlet        : Completed 200 OK
